

Version:	3.50
CmdLine:	C:\Users\atari\Documents\GitHub\HybridAuto\out\artifacts\HybridAuto_jar\Application.exe --l4j-debug
JNI:		No
WOW64:		Yes
Working dir:	C:\Users\atari\Documents\GitHub\HybridAuto\out\artifacts\HybridAuto_jar\.
Requires JDK:	No
Requires 64-Bit: No
Java min ver:	
Java max ver:	
JRE paths:	C:\Users\atari\Desktop\jdk-19.0.2
Check launcher:	C:\Users\atari\Desktop\jdk-19.0.2\bin\javaw.exe (OK)
Version string: 1.019.000_002 / 64-Bit (OK)
Launcher:	C:\Users\atari\Desktop\jdk-19.0.2\bin\javaw.exe
Launcher args:	-jar "C:\Users\atari\Documents\GitHub\HybridAuto\out\artifacts\HybridAuto_jar\Application.exe"
Args length:	94/32768 chars
Exit code:	0


Version:	3.50
CmdLine:	C:\Users\atari\Documents\GitHub\HybridAuto\out\artifacts\HybridAuto_jar\Application.exe --l4j-debug
JNI:		No
WOW64:		Yes
Working dir:	C:\Users\atari\Documents\GitHub\HybridAuto\out\artifacts\HybridAuto_jar\.
Requires JDK:	No
Requires 64-Bit: No
Java min ver:	
Java max ver:	
JRE paths:	C:\Users\atari\Desktop\jdk-19.0.2
Check launcher:	C:\Users\atari\Desktop\jdk-19.0.2\bin\javaw.exe (OK)
Version string: 1.019.000_002 / 64-Bit (OK)
Launcher:	C:\Users\atari\Desktop\jdk-19.0.2\bin\javaw.exe
Launcher args:	-jar "C:\Users\atari\Documents\GitHub\HybridAuto\out\artifacts\HybridAuto_jar\Application.exe"
Args length:	94/32768 chars
Exit code:	0


Version:	3.50
CmdLine:	C:\Users\atari\Documents\GitHub\HybridAuto\out\artifacts\HybridAuto_jar\RunnFile.exe --l4j-debug
JNI:		No
WOW64:		Yes
Working dir:	C:\Users\atari\Documents\GitHub\HybridAuto\out\artifacts\HybridAuto_jar\.
Requires JDK:	No
Requires 64-Bit: No
Java min ver:	
Java max ver:	
Substitute:	JAVA_HOME = 
Substitute:	PATH = C:\Program Files\Microsoft MPI\Bin\;C:\Program Files\Common Files\Oracle\Java\javapath;C:\WINDOWS\system32;C:\WINDOWS;C:\WINDOWS\System32\Wbem;C:\WINDOWS\System32\WindowsPowerShell\v1.0\;C:\WINDOWS\System32\OpenSSH\;C:\Program Files\nodejs\;C:\Program Files\Git\cmd;C:\Program Files\Docker\Docker\resources\bin;C:\Program Files (x86)\Microsoft SQL Server\160\Tools\Binn\;C:\Program Files\Microsoft SQL Server\160\Tools\Binn\;C:\Program Files\Microsoft SQL Server\Client SDK\ODBC\170\Tools\Binn\;C:\Program Files\Microsoft SQL Server\160\DTS\Binn\;C:\Program Files (x86)\Microsoft SQL Server\160\DTS\Binn\;C:\Program Files\Azure Data Studio\bin;C:\Program Files\Microsoft SQL Server\150\Tools\Binn\;C:\Program Files\dotnet\;C:\Users\atari\AppData\Local\Microsoft\WindowsApps;C:\Users\atari\AppData\Roaming\npm;C:\Program Files\JetBrains\WebStorm 2022.3.2\bin;;C:\Users\atari\AppData\Local\Programs\Microsoft VS Code\bin;C:\Program Files\Azure Data Studio\bin;C:\Users\atari\.dotnet\tools;C:\Users\atari\AppData\Local\GitHubDesktop\bin;C:\Program Files\Java\jdk-11\bin
JRE paths:	;C:\Program Files\Microsoft MPI\Bin\;C:\Program Files\Common Files\Oracle\Java\javapath;C:\WINDOWS\system32;C:\WINDOWS;C:\WINDOWS\System32\Wbem;C:\WINDOWS\System32\WindowsPowerShell\v1.0\;C:\WINDOWS\System32\OpenSSH\;C:\Program Files\nodejs\;C:\Program Files\Git\cmd;C:\Program Files\Docker\Docker\resources\bin;C:\Program Files (x86)\Microsoft SQL Server\160\Tools\Binn\;C:\Program Files\Microsoft SQL Server\160\Tools\Binn\;C:\Program Files\Microsoft SQL Server\Client SDK\ODBC\170\Tools\Binn\;C:\Program Files\Microsoft SQL Server\160\DTS\Binn\;C:\Program Files (x86)\Microsoft SQL Server\160\DTS\Binn\;C:\Program Files\Azure Data Studio\bin;C:\Program Files\Microsoft SQL Server\150\Tools\Binn\;C:\Program Files\dotnet\;C:\Users\atari\AppData\Local\Microsoft\WindowsApps;C:\Users\atari\AppData\Roaming\npm;C:\Program Files\JetBrains\WebStorm 2022.3.2\bin;;C:\Users\atari\AppData\Local\Programs\Microsoft VS Code\bin;C:\Program Files\Azure Data Studio\bin;C:\Users\atari\.dotnet\tools;C:\Users\atari\AppData\Local\GitHubDesktop\bin;C:\Program Files\Java\jdk-11\bin
Check launcher:	C:\Program Files\Microsoft MPI\Bin\bin\javaw.exe (not found)
Check launcher:	C:\Program Files\Common Files\Oracle\Java\javapath\bin\javaw.exe (not found)
Check launcher:	C:\WINDOWS\system32\bin\javaw.exe (not found)
Check launcher:	C:\WINDOWS\bin\javaw.exe (not found)
Check launcher:	C:\WINDOWS\System32\Wbem\bin\javaw.exe (not found)
Check launcher:	C:\WINDOWS\System32\WindowsPowerShell\v1.0\bin\javaw.exe (not found)
Check launcher:	C:\WINDOWS\System32\OpenSSH\bin\javaw.exe (not found)
Check launcher:	C:\Program Files\nodejs\bin\javaw.exe (not found)
Check launcher:	C:\Program Files\Git\cmd\bin\javaw.exe (not found)
Check launcher:	C:\Program Files\Docker\Docker\resources\bin\javaw.exe (not found)
Check launcher:	C:\Program Files (x86)\Microsoft SQL Server\160\Tools\Binn\bin\javaw.exe (not found)
Check launcher:	C:\Program Files\Microsoft SQL Server\160\Tools\Binn\bin\javaw.exe (not found)
Check launcher:	C:\Program Files\Microsoft SQL Server\Client SDK\ODBC\170\Tools\Binn\bin\javaw.exe (not found)
Check launcher:	C:\Program Files\Microsoft SQL Server\160\DTS\Binn\bin\javaw.exe (not found)
Check launcher:	C:\Program Files (x86)\Microsoft SQL Server\160\DTS\Binn\bin\javaw.exe (not found)
Check launcher:	C:\Program Files\Azure Data Studio\bin\javaw.exe (not found)
Check launcher:	C:\Program Files\Microsoft SQL Server\150\Tools\Binn\bin\javaw.exe (not found)
Check launcher:	C:\Program Files\dotnet\bin\javaw.exe (not found)
Check launcher:	C:\Users\atari\AppData\Local\Microsoft\WindowsApps\bin\javaw.exe (not found)
Check launcher:	C:\Users\atari\AppData\Roaming\npm\bin\javaw.exe (not found)
Check launcher:	C:\Program Files\JetBrains\WebStorm 2022.3.2\bin\javaw.exe (not found)
Check launcher:	C:\Users\atari\AppData\Local\Programs\Microsoft VS Code\bin\javaw.exe (not found)
Check launcher:	C:\Program Files\Azure Data Studio\bin\javaw.exe (not found)
Check launcher:	C:\Users\atari\.dotnet\tools\bin\javaw.exe (not found)
Check launcher:	C:\Users\atari\AppData\Local\GitHubDesktop\bin\javaw.exe (not found)
Check launcher:	C:\Program Files\Java\jdk-11\bin\javaw.exe (OK)
Version string: 1.011.000_018 / 64-Bit (OK)
Launcher:	C:\Program Files\Java\jdk-11\bin\javaw.exe
Launcher args:	-jar "C:\Users\atari\Documents\GitHub\HybridAuto\out\artifacts\HybridAuto_jar\RunnFile.exe"
Args length:	91/32768 chars
Exit code:	0


Version:	3.50
CmdLine:	C:\Users\atari\Documents\GitHub\HybridAuto\out\artifacts\HybridAuto_jar\RunnFile.exe --l4j-debug
JNI:		No
WOW64:		Yes
Working dir:	C:\Users\atari\Documents\GitHub\HybridAuto\out\artifacts\HybridAuto_jar\.
Requires JDK:	No
Requires 64-Bit: No
Java min ver:	
Java max ver:	
JRE paths:	C:\Program Files\Java\jdk-19.0.2
Check launcher:	C:\Program Files\Java\jdk-19.0.2\bin\javaw.exe (OK)
Version string: 1.019.000_002 / 64-Bit (OK)
Launcher:	C:\Program Files\Java\jdk-19.0.2\bin\javaw.exe
Launcher args:	-jar "C:\Users\atari\Documents\GitHub\HybridAuto\out\artifacts\HybridAuto_jar\RunnFile.exe"
Args length:	91/32768 chars
Exit code:	0


Version:	3.50
CmdLine:	C:\Users\atari\Documents\GitHub\HybridAuto\out\artifacts\HybridAuto_jar\RunnFile.exe --l4j-debug
JNI:		No
WOW64:		Yes
Working dir:	C:\Users\atari\Documents\GitHub\HybridAuto\out\artifacts\HybridAuto_jar\.
Requires JDK:	No
Requires 64-Bit: No
Java min ver:	
Java max ver:	
JRE paths:	C:\Program Files\Java\jdk-19.0.2
Check launcher:	C:\Program Files\Java\jdk-19.0.2\bin\javaw.exe (OK)
Version string: 1.019.000_002 / 64-Bit (OK)
Launcher:	C:\Program Files\Java\jdk-19.0.2\bin\javaw.exe
Launcher args:	-jar "C:\Users\atari\Documents\GitHub\HybridAuto\out\artifacts\HybridAuto_jar\RunnFile.exe"
Args length:	91/32768 chars
Exit code:	0


Version:	3.50
CmdLine:	C:\Users\atari\Documents\GitHub\HybridAuto\out\artifacts\HybridAuto_jar\RunnFile.exe --l4j-debug
JNI:		No
WOW64:		Yes
Working dir:	C:\Users\atari\Documents\GitHub\HybridAuto\out\artifacts\HybridAuto_jar\.
Requires JDK:	No
Requires 64-Bit: No
Java min ver:	
Java max ver:	
JRE paths:	C:\Program Files\Java\jdk-19.0.2
Check launcher:	C:\Program Files\Java\jdk-19.0.2\bin\javaw.exe (OK)
Version string: 1.019.000_002 / 64-Bit (OK)
Launcher:	C:\Program Files\Java\jdk-19.0.2\bin\javaw.exe
Launcher args:	-jar "C:\Users\atari\Documents\GitHub\HybridAuto\out\artifacts\HybridAuto_jar\RunnFile.exe"
Args length:	91/32768 chars
Exit code:	0


Version:	3.50
CmdLine:	C:\Users\atari\Documents\GitHub\HybridAuto\out\artifacts\HybridAuto_jar\RunnFile.exe --l4j-debug
JNI:		No
WOW64:		Yes
Working dir:	C:\Users\atari\Documents\GitHub\HybridAuto\out\artifacts\HybridAuto_jar\.
Requires JDK:	No
Requires 64-Bit: No
Java min ver:	
Java max ver:	
JRE paths:	C:\Program Files\Java\jdk-19.0.2
Check launcher:	C:\Program Files\Java\jdk-19.0.2\bin\javaw.exe (OK)
Version string: 1.019.000_002 / 64-Bit (OK)
Launcher:	C:\Program Files\Java\jdk-19.0.2\bin\javaw.exe
Launcher args:	-jar "C:\Users\atari\Documents\GitHub\HybridAuto\out\artifacts\HybridAuto_jar\RunnFile.exe"
Args length:	91/32768 chars
Exit code:	0


Version:	3.50
CmdLine:	C:\Users\atari\Documents\GitHub\HybridAuto\out\artifacts\HybridAuto_jar\RunnFile.exe --l4j-debug
JNI:		No
WOW64:		Yes
Working dir:	C:\Users\atari\Documents\GitHub\HybridAuto\out\artifacts\HybridAuto_jar\.
Requires JDK:	No
Requires 64-Bit: No
Java min ver:	
Java max ver:	
JRE paths:	C:\Program Files\Java\jdk-19.0.2
Check launcher:	C:\Program Files\Java\jdk-19.0.2\bin\javaw.exe (OK)
Version string: 1.019.000_002 / 64-Bit (OK)
Launcher:	C:\Program Files\Java\jdk-19.0.2\bin\javaw.exe
Launcher args:	-jar "C:\Users\atari\Documents\GitHub\HybridAuto\out\artifacts\HybridAuto_jar\RunnFile.exe"
Args length:	91/32768 chars
Exit code:	0


Version:	3.50
CmdLine:	C:\Users\atari\Documents\GitHub\HybridAuto\out\artifacts\HybridAuto_jar\RunnFile.exe --l4j-debug
JNI:		No
WOW64:		Yes
Working dir:	C:\Users\atari\Documents\GitHub\HybridAuto\out\artifacts\HybridAuto_jar\.
Requires JDK:	No
Requires 64-Bit: No
Java min ver:	
Java max ver:	
JRE paths:	C:\Program Files\Java\jdk-19.0.2
Check launcher:	C:\Program Files\Java\jdk-19.0.2\bin\javaw.exe (OK)
Version string: 1.019.000_002 / 64-Bit (OK)
Launcher:	C:\Program Files\Java\jdk-19.0.2\bin\javaw.exe
Launcher args:	-jar "C:\Users\atari\Documents\GitHub\HybridAuto\out\artifacts\HybridAuto_jar\RunnFile.exe"
Args length:	91/32768 chars
Exit code:	0


Version:	3.50
CmdLine:	C:\Users\atari\Documents\GitHub\HybridAuto\out\artifacts\HybridAuto_jar\RunnFile.exe --l4j-debug
JNI:		No
WOW64:		Yes
Working dir:	C:\Users\atari\Documents\GitHub\HybridAuto\out\artifacts\HybridAuto_jar\.
Requires JDK:	No
Requires 64-Bit: No
Java min ver:	
Java max ver:	
JRE paths:	C:\Program Files\Java\jdk-19.0.2
Check launcher:	C:\Program Files\Java\jdk-19.0.2\bin\javaw.exe (OK)
Version string: 1.019.000_002 / 64-Bit (OK)
Launcher:	C:\Program Files\Java\jdk-19.0.2\bin\javaw.exe
Launcher args:	-jar "C:\Users\atari\Documents\GitHub\HybridAuto\out\artifacts\HybridAuto_jar\RunnFile.exe"
Args length:	91/32768 chars
Exit code:	0


Version:	3.50
CmdLine:	C:\Users\atari\Documents\GitHub\HybridAuto\out\artifacts\HybridAuto_jar\RunnFile.exe --l4j-debug
JNI:		No
WOW64:		Yes
Working dir:	C:\Users\atari\Documents\GitHub\HybridAuto\out\artifacts\HybridAuto_jar\.
Requires JDK:	No
Requires 64-Bit: No
Java min ver:	
Java max ver:	
JRE paths:	C:\Program Files\Java\jdk-19.0.2
Check launcher:	C:\Program Files\Java\jdk-19.0.2\bin\javaw.exe (OK)
Version string: 1.019.000_002 / 64-Bit (OK)
Launcher:	C:\Program Files\Java\jdk-19.0.2\bin\javaw.exe
Launcher args:	-jar "C:\Users\atari\Documents\GitHub\HybridAuto\out\artifacts\HybridAuto_jar\RunnFile.exe"
Args length:	91/32768 chars
Exit code:	0


Version:	3.50
CmdLine:	C:\Users\atari\Documents\GitHub\HybridAuto\out\artifacts\HybridAuto_jar\RunnFile.exe --l4j-debug
JNI:		No
WOW64:		Yes
Working dir:	C:\Users\atari\Documents\GitHub\HybridAuto\out\artifacts\HybridAuto_jar\.
Requires JDK:	No
Requires 64-Bit: No
Java min ver:	
Java max ver:	
JRE paths:	C:\Program Files\Java\jdk-19.0.2\lib
Check launcher:	C:\Program Files\Java\jdk-19.0.2\lib\bin\javaw.exe (not found)
Error msg:	This application requires a Java Runtime Environment.


Version:	3.50
CmdLine:	C:\Users\atari\Documents\GitHub\HybridAuto\out\artifacts\HybridAuto_jar\RunnFile.exe --l4j-debug
JNI:		No
WOW64:		Yes
Working dir:	C:\Users\atari\Documents\GitHub\HybridAuto\out\artifacts\HybridAuto_jar\.
Requires JDK:	No
Requires 64-Bit: No
Java min ver:	
Java max ver:	
JRE paths:	C:\Program Files\Java\jdk-19.0.2
Check launcher:	C:\Program Files\Java\jdk-19.0.2\bin\javaw.exe (OK)
Version string: 1.019.000_002 / 64-Bit (OK)
Launcher:	C:\Program Files\Java\jdk-19.0.2\bin\javaw.exe
Launcher args:	-jar "C:\Users\atari\Documents\GitHub\HybridAuto\out\artifacts\HybridAuto_jar\RunnFile.exe"
Args length:	91/32768 chars
Exit code:	0


Version:	3.50
CmdLine:	C:\Users\atari\Documents\GitHub\HybridAuto\out\artifacts\HybridAuto_jar\RunnFile.exe --l4j-debug
JNI:		No
WOW64:		Yes
Working dir:	C:\Users\atari\Documents\GitHub\HybridAuto\out\artifacts\HybridAuto_jar\.
Requires JDK:	No
Requires 64-Bit: No
Java min ver:	
Java max ver:	
JRE paths:	C:\Program Files\Java\jdk-19.0.2
Check launcher:	C:\Program Files\Java\jdk-19.0.2\bin\javaw.exe (OK)
Version string: 1.019.000_002 / 64-Bit (OK)
Launcher:	C:\Program Files\Java\jdk-19.0.2\bin\javaw.exe
Launcher args:	-jar "C:\Users\atari\Documents\GitHub\HybridAuto\out\artifacts\HybridAuto_jar\RunnFile.exe"
Args length:	91/32768 chars
Exit code:	0


Version:	3.50
CmdLine:	C:\Users\atari\Documents\GitHub\HybridAuto\out\artifacts\HybridAuto_jar\RunnFile.exe --l4j-debug
JNI:		No
WOW64:		Yes
Working dir:	C:\Users\atari\Documents\GitHub\HybridAuto\out\artifacts\HybridAuto_jar\.
Requires JDK:	No
Requires 64-Bit: No
Java min ver:	
Java max ver:	
JRE paths:	C:\Program Files\Java\jdk-19.0.2
Check launcher:	C:\Program Files\Java\jdk-19.0.2\bin\javaw.exe (OK)
Version string: 1.019.000_002 / 64-Bit (OK)
Launcher:	C:\Program Files\Java\jdk-19.0.2\bin\javaw.exe
Launcher args:	-jar "C:\Users\atari\Documents\GitHub\HybridAuto\out\artifacts\HybridAuto_jar\RunnFile.exe"
Args length:	91/32768 chars
Exit code:	0


Version:	3.50
CmdLine:	C:\Users\atari\Documents\GitHub\HybridAuto\out\artifacts\HybridAuto_jar\RunnFile.exe --l4j-debug
JNI:		No
WOW64:		Yes
Working dir:	C:\Users\atari\Documents\GitHub\HybridAuto\out\artifacts\HybridAuto_jar\.
Requires JDK:	No
Requires 64-Bit: No
Java min ver:	
Java max ver:	
JRE paths:	C:\Program Files\Java\jdk-19.0.2
Check launcher:	C:\Program Files\Java\jdk-19.0.2\bin\javaw.exe (OK)
Version string: 1.019.000_002 / 64-Bit (OK)
Launcher:	C:\Program Files\Java\jdk-19.0.2\bin\javaw.exe
Launcher args:	-jar "C:\Users\atari\Documents\GitHub\HybridAuto\out\artifacts\HybridAuto_jar\RunnFile.exe"
Args length:	91/32768 chars
Exit code:	0


Version:	3.50
CmdLine:	C:\Users\atari\Documents\GitHub\HybridAuto\out\artifacts\HybridAuto_jar\RunnFile2.exe --l4j-debug
JNI:		No
WOW64:		Yes
Working dir:	C:\Users\atari\Documents\GitHub\HybridAuto\out\artifacts\HybridAuto_jar\.
Requires JDK:	No
Requires 64-Bit: No
Java min ver:	
Java max ver:	
JRE paths:	C:\Program Files\Java\jdk-19.0.2
Check launcher:	C:\Program Files\Java\jdk-19.0.2\bin\javaw.exe (OK)
Version string: 1.019.000_002 / 64-Bit (OK)
Launcher:	C:\Program Files\Java\jdk-19.0.2\bin\javaw.exe
Launcher args:	-jar "C:\Users\atari\Documents\GitHub\HybridAuto\out\artifacts\HybridAuto_jar\RunnFile2.exe"
Args length:	92/32768 chars
Exit code:	0


Version:	3.50
CmdLine:	C:\Users\atari\Documents\GitHub\HybridAuto\out\artifacts\HybridAuto_jar\RunnFile2.exe --l4j-debug
JNI:		No
WOW64:		Yes
Working dir:	C:\Users\atari\Documents\GitHub\HybridAuto\out\artifacts\HybridAuto_jar\.
Requires JDK:	No
Requires 64-Bit: No
Java min ver:	
Java max ver:	
JRE paths:	C:\Program Files\Java\jdk-19.0.2
Check launcher:	C:\Program Files\Java\jdk-19.0.2\bin\javaw.exe (OK)
Version string: 1.019.000_002 / 64-Bit (OK)
Launcher:	C:\Program Files\Java\jdk-19.0.2\bin\javaw.exe
Launcher args:	-jar "C:\Users\atari\Documents\GitHub\HybridAuto\out\artifacts\HybridAuto_jar\RunnFile2.exe"
Args length:	92/32768 chars
Exit code:	0
